<?xml version="1.0" encoding="UTF-8"?>
<!-- Generated by org.testng.reporters.JUnitXMLReporter -->
<testsuite hostname="NBCE-5HVFN3E-ML-6039.local" name="NBCAutomationChrome" tests="2" failures="0" timestamp="20 Sep 2018 19:17:22 GMT" time="3.007" errors="0">
  <testcase name="GetWeatherDetails" time="2.525" classname="artIDCraftDemonstration.SimpleGetTest"/>
  <testcase name="PositiveResponseStatusCode" time="0.46" classname="artIDCraftDemonstration.ValidateResponseStatusCode"/>
</testsuite> <!-- NBCAutomationChrome -->
